<?xml version="1.0" encoding="utf-8"?><testsuite errors="0" failures="0" name="pytest" skipped="0" tests="188" time="40.284"><testcase classname="tests.test_FrontEnd_APIs.test_authority_input" file="tests/test_FrontEnd_APIs/test_authority_input.py" line="59" name="test_athty_input_happy_case" time="1.595"><system-out>b&apos;{&quot;msg&quot;: &quot;Device\&apos;s information has been successfully loaded&quot;, &quot;pair_code&quot;: &quot;teDrSzVo&quot;}&apos;
b&apos;{&quot;Error&quot;: &quot;Device with same Serial number already exists&quot;}&apos;
</system-out></testcase><testcase classname="tests.test_FrontEnd_APIs.test_authority_input" file="tests/test_FrontEnd_APIs/test_authority_input.py" line="90" name="test_athty_input_validations_invalid_counrty_code" time="0.003"><system-out>b&apos;{&quot;Error&quot;: &quot;Contact-MSISDN format is not correct&quot;}&apos;
</system-out></testcase><testcase classname="tests.test_FrontEnd_APIs.test_authority_input" file="tests/test_FrontEnd_APIs/test_authority_input.py" line="109" name="test_athty_input_validations_invalid_subscriber_no" time="0.008"><system-out>b&apos;{&quot;Error&quot;: &quot;Contact-MSISDN format is not correct&quot;}&apos;
b&apos;{&quot;Error&quot;: &quot;Contact-MSISDN format is not correct&quot;}&apos;
b&apos;{&quot;Error&quot;: &quot;Contact-MSISDN format is not correct&quot;}&apos;
</system-out></testcase><testcase classname="tests.test_FrontEnd_APIs.test_authority_input" file="tests/test_FrontEnd_APIs/test_authority_input.py" line="129" name="test_athty_input_validations_invalid_rat_formats" time="0.030"><system-out>b&apos;{&quot;Error&quot;: &quot;RAT format is not correct&quot;}&apos; 5G,6G
b&apos;{&quot;Error&quot;: &quot;RAT format is not correct&quot;}&apos; 6G
b&apos;{&quot;Error&quot;: &quot;RAT format is not correct&quot;}&apos; 6g
b&apos;{&quot;Error&quot;: &quot;RAT format is not correct&quot;}&apos; GSM
b&apos;{&quot;Error&quot;: &quot;RAT format is not correct&quot;}&apos; GSM,WCDMA
b&apos;{&quot;Error&quot;: &quot;RAT format is not correct&quot;}&apos; GSM,LTE
b&apos;{&quot;Error&quot;: &quot;RAT format is not correct&quot;}&apos; GSM,WCDMA,LTE
b&apos;{&quot;Error&quot;: &quot;RAT format is not correct&quot;}&apos; gsm,wcdma,lte
b&apos;{&quot;Error&quot;: &quot;RAT format is not correct&quot;}&apos; LTE
b&apos;{&quot;Error&quot;: &quot;RAT format is not correct&quot;}&apos; 2G:3G:4G
b&apos;{&quot;Error&quot;: &quot;RAT format is not correct&quot;}&apos; 2G-3G-4G
b&apos;{&quot;Error&quot;: &quot;RAT format is not correct&quot;}&apos; 2G/3G
b&apos;{&quot;Error&quot;: &quot;RAT format is not correct&quot;}&apos; 3G;4G
b&apos;{&quot;Error&quot;: &quot;RAT format is not correct&quot;}&apos; 2g,3g,4g
b&apos;{&quot;Error&quot;: &quot;RAT format is not correct&quot;}&apos; @ny_0th3r sTr!ng
</system-out></testcase><testcase classname="tests.test_FrontEnd_APIs.test_authority_input" file="tests/test_FrontEnd_APIs/test_authority_input.py" line="150" name="test_athty_input_validations_valid_rat_formats" time="0.236"><system-out>valid RAT format:  2G
valid RAT format:  3G
valid RAT format:  4G
valid RAT format:  5G
valid RAT format:  5G,3G
valid RAT format:  2G,4G
valid RAT format:  2G,5G
valid RAT format:  3G,4G
valid RAT format:  3G,5G
valid RAT format:  4G,5G
valid RAT format:  2G,3G,4G
valid RAT format:  3G,4G,5G
valid RAT format:  4G,5G,2G
valid RAT format:  2G,3G,4G,5G
</system-out></testcase><testcase classname="tests.test_FrontEnd_APIs.test_authority_input" file="tests/test_FrontEnd_APIs/test_authority_input.py" line="171" name="test_athty_input_validations_valid_mac_formats" time="1.145"><system-out>Valid MAC format:  AA:AA:AA:FF:FF:FF
Valid MAC format:  AA-AA-AA-FF-FF-FF
Valid MAC format:  AAA.AAA.FFF.FFF
Valid MAC format:  00:25:96:FF:FE:12:34:56
Valid MAC format:  0025:96FF:FE12:3456
</system-out></testcase><testcase classname="tests.test_FrontEnd_APIs.test_authority_input" file="tests/test_FrontEnd_APIs/test_authority_input.py" line="188" name="test_athty_input_validations_invalid_mac_english_msg" time="0.023"><system-out>b&apos;{&quot;Error&quot;: &quot;MAC format is not correct&quot;}&apos; AC:AA:aH:FF:FF:8n
b&apos;{&quot;Error&quot;: &quot;MAC format is not correct&quot;}&apos; AA:AA:AA:FF:FF
b&apos;{&quot;Error&quot;: &quot;MAC format is not correct&quot;}&apos; AA-AA-AA-FF-FF-FF-FF
b&apos;{&quot;Error&quot;: &quot;MAC format is not correct&quot;}&apos; AAA.AAA.FFF.FFF.AAA
b&apos;{&quot;Error&quot;: &quot;MAC format is not correct&quot;}&apos; AAA.AAA.FFF
b&apos;{&quot;Error&quot;: &quot;MAC format is not correct&quot;}&apos; 00:25:96:FF:FE:12:34:56:FE
b&apos;{&quot;Error&quot;: &quot;MAC format is not correct&quot;}&apos; 0025:96FF:FE12
b&apos;{&quot;Error&quot;: &quot;MAC format is not correct&quot;}&apos; 0025:96FF:FE12:3456:A1CE
b&apos;{&quot;Error&quot;: &quot;MAC format is not correct&quot;}&apos; AL-@M-AA-XX-7$-d&amp;
b&apos;{&quot;Error&quot;: &quot;MAC format is not correct&quot;}&apos; 00:25:96:GH:%E:12:YZ:5#
b&apos;{&quot;Error&quot;: &quot;MAC format is not correct&quot;}&apos; 0A2T:9@Fv:Fz1?:34|6
</system-out></testcase><testcase classname="tests.test_FrontEnd_APIs.test_authority_input" file="tests/test_FrontEnd_APIs/test_authority_input.py" line="205" name="test_athty_input_invalid_mac_espanish_msg" time="0.024"><system-out>b&apos;{&quot;Error&quot;: &quot;MAC format is not correct&quot;}&apos; AC:AA:aH:FF:FF:8n
b&apos;{&quot;Error&quot;: &quot;MAC format is not correct&quot;}&apos; AA:AA:AA:FF:FF
b&apos;{&quot;Error&quot;: &quot;MAC format is not correct&quot;}&apos; AA-AA-AA-FF-FF-FF-FF
b&apos;{&quot;Error&quot;: &quot;MAC format is not correct&quot;}&apos; AAA.AAA.FFF.FFF.AAA
b&apos;{&quot;Error&quot;: &quot;MAC format is not correct&quot;}&apos; AAA.AAA.FFF
b&apos;{&quot;Error&quot;: &quot;MAC format is not correct&quot;}&apos; 00:25:96:FF:FE:12:34:56:FE
b&apos;{&quot;Error&quot;: &quot;MAC format is not correct&quot;}&apos; 0025:96FF:FE12
b&apos;{&quot;Error&quot;: &quot;MAC format is not correct&quot;}&apos; 0025:96FF:FE12:3456:A1CE
b&apos;{&quot;Error&quot;: &quot;MAC format is not correct&quot;}&apos; AL-@M-AA-XX-7$-d&amp;
b&apos;{&quot;Error&quot;: &quot;MAC format is not correct&quot;}&apos; 00:25:96:GH:%E:12:YZ:5#
b&apos;{&quot;Error&quot;: &quot;MAC format is not correct&quot;}&apos; 0A2T:9@Fv:Fz1?:34|6
</system-out></testcase><testcase classname="tests.test_FrontEnd_APIs.test_authority_input" file="tests/test_FrontEnd_APIs/test_authority_input.py" line="224" name="test_athty_input_invalid_mac_indonesian_msg" time="0.027"><system-out>b&apos;{&quot;Error&quot;: &quot;MAC format is not correct&quot;}&apos; AC:AA:aH:FF:FF:8n
b&apos;{&quot;Error&quot;: &quot;MAC format is not correct&quot;}&apos; AA:AA:AA:FF:FF
b&apos;{&quot;Error&quot;: &quot;MAC format is not correct&quot;}&apos; AA-AA-AA-FF-FF-FF-FF
b&apos;{&quot;Error&quot;: &quot;MAC format is not correct&quot;}&apos; AAA.AAA.FFF.FFF.AAA
b&apos;{&quot;Error&quot;: &quot;MAC format is not correct&quot;}&apos; AAA.AAA.FFF
b&apos;{&quot;Error&quot;: &quot;MAC format is not correct&quot;}&apos; 00:25:96:FF:FE:12:34:56:FE
b&apos;{&quot;Error&quot;: &quot;MAC format is not correct&quot;}&apos; 0025:96FF:FE12
b&apos;{&quot;Error&quot;: &quot;MAC format is not correct&quot;}&apos; 0025:96FF:FE12:3456:A1CE
b&apos;{&quot;Error&quot;: &quot;MAC format is not correct&quot;}&apos; AL-@M-AA-XX-7$-d&amp;
b&apos;{&quot;Error&quot;: &quot;MAC format is not correct&quot;}&apos; 00:25:96:GH:%E:12:YZ:5#
b&apos;{&quot;Error&quot;: &quot;MAC format is not correct&quot;}&apos; 0A2T:9@Fv:Fz1?:34|6
</system-out></testcase><testcase classname="tests.test_FrontEnd_APIs.test_authority_input" file="tests/test_FrontEnd_APIs/test_authority_input.py" line="243" name="test_athty_input_valid_model_names" time="0.844"><system-out>Valid Model Format:  Note-5
Valid Model Format:  Samsung&apos;s Model
Valid Model Format:  LG (ligHt)
Valid Model Format:  ViVo&apos;s V-3 (super-cam)
</system-out></testcase><testcase classname="tests.test_FrontEnd_APIs.test_authority_input" file="tests/test_FrontEnd_APIs/test_authority_input.py" line="262" name="test_athty_input_invalid_model_names" time="0.013"><system-out>b&apos;{&quot;Error&quot;: &quot;Model format is not correct&quot;}&apos; Nok!@-2
b&apos;{&quot;Error&quot;: &quot;Model format is not correct&quot;}&apos; Q_Mobile Z4
b&apos;{&quot;Error&quot;: &quot;Model format is not correct&quot;}&apos; ViVo.V3
b&apos;{&quot;Error&quot;: &quot;Model format is not correct&quot;}&apos; LG%g3
b&apos;{&quot;Error&quot;: &quot;Model format is not correct&quot;}&apos; Opp0^H4
b&apos;{&quot;Error&quot;: &quot;Model format is not correct&quot;}&apos; Xi&amp;oM!*, X$$
</system-out></testcase><testcase classname="tests.test_FrontEnd_APIs.test_authority_input" file="tests/test_FrontEnd_APIs/test_authority_input.py" line="282" name="test_athty_input_invalid_brand_names" time="0.018"><system-out>b&apos;{&quot;Error&quot;: &quot;Brand format is not correct&quot;}&apos; Nok!@
b&apos;{&quot;Error&quot;: &quot;Brand format is not correct&quot;}&apos; HU@we!
b&apos;{&quot;Error&quot;: &quot;Brand format is not correct&quot;}&apos; S0Ny~~
b&apos;{&quot;Error&quot;: &quot;Brand format is not correct&quot;}&apos; Q:Mob!()Le+
b&apos;{&quot;Error&quot;: &quot;Brand format is not correct&quot;}&apos; Vi#$Vo0
b&apos;{&quot;Error&quot;: &quot;Brand format is not correct&quot;}&apos; Opp&amp;*O
b&apos;{&quot;Error&quot;: &quot;Brand format is not correct&quot;}&apos; Xi@0M%Ee
b&apos;{&quot;Error&quot;: &quot;Brand format is not correct&quot;}&apos; Q_Mobil3
b&apos;{&quot;Error&quot;: &quot;Brand format is not correct&quot;}&apos; Xiaom&apos;i
</system-out></testcase><testcase classname="tests.test_FrontEnd_APIs.test_authority_input" file="tests/test_FrontEnd_APIs/test_authority_input.py" line="301" name="test_athty_input_valid_brand_names" time="0.159"><system-out>Valid Brand format(s):  Hua wei
Valid Brand format(s):  N0k-iA
Valid Brand format(s):  QMobil3
</system-out></testcase><testcase classname="tests.test_FrontEnd_APIs.test_authority_input" file="tests/test_FrontEnd_APIs/test_authority_input.py" line="321" name="test_athty_input_validations_imei_formats" time="0.003"><system-out>b&apos;{&quot;Error&quot;: &quot;IMEI format is not correct&quot;}&apos;
</system-out></testcase><testcase classname="tests.test_FrontEnd_APIs.test_authority_input" file="tests/test_FrontEnd_APIs/test_authority_input.py" line="338" name="test_athty_input_validations_invalid_serial_no" time="0.004"><system-out>b&apos;{&quot;Error&quot;: &quot;Serial-Number format is not correct&quot;}&apos; T68-FePq
b&apos;{&quot;Error&quot;: &quot;Serial-Number format is not correct&quot;}&apos; K0@2a6!M04$
</system-out></testcase><testcase classname="tests.test_FrontEnd_APIs.test_authority_input" file="tests/test_FrontEnd_APIs/test_authority_input.py" line="357" name="test_athty_input_error__404_wrong_api" time="0.004"><system-out>{&apos;Error&apos;: &apos;Not Found&apos;}
</system-out></testcase><testcase classname="tests.test_FrontEnd_APIs.test_authority_input" file="tests/test_FrontEnd_APIs/test_authority_input.py" line="369" name="test_athty_input_error_405_method_not_allowed" time="0.005"></testcase><testcase classname="tests.test_FrontEnd_APIs.test_authority_input" file="tests/test_FrontEnd_APIs/test_authority_input.py" line="382" name="test_athty_input_missing_parameters" time="0.015"><system-out>b&apos;{&quot;Error&quot;: &quot;Country-Code not found&quot;}&apos;
b&apos;{&quot;Error&quot;: &quot;Subscriber-Number not found&quot;}&apos;
b&apos;{&quot;Error&quot;: &quot;MODEL not found&quot;}&apos;
b&apos;{&quot;Error&quot;: &quot;BRAND not found&quot;}&apos;
b&apos;{&quot;Error&quot;: &quot;Serial_No not found&quot;}&apos;
b&apos;{&quot;Error&quot;: &quot;RAT not found&quot;}&apos;
b&apos;{&quot;Error&quot;: &quot;IMEI not found&quot;}&apos;
</system-out></testcase><testcase classname="tests.test_FrontEnd_APIs.test_authority_input" file="tests/test_FrontEnd_APIs/test_authority_input.py" line="444" name="test_athty_input_missing_mac" time="0.241"><system-out>{&apos;msg&apos;: &quot;Device&apos;s information has been successfully loaded&quot;, &apos;pair_code&apos;: &apos;hltgOH7T&apos;}
</system-out></testcase><testcase classname="tests.test_FrontEnd_APIs.test_authority_input" file="tests/test_FrontEnd_APIs/test_authority_input.py" line="461" name="test_athty_input_functionality_single_contact_multiple_devices" time="0.712"><system-out>{&apos;msg&apos;: &quot;Device&apos;s information has been successfully loaded&quot;, &apos;pair_code&apos;: &apos;tdhnSaX2&apos;} {&apos;msg&apos;: &quot;Device&apos;s information has been successfully loaded&quot;, &apos;pair_code&apos;: &apos;izgpfwJi&apos;} {&apos;msg&apos;: &quot;Device&apos;s information has been successfully loaded&quot;, &apos;pair_code&apos;: &apos;bXUnUqha&apos;}
</system-out></testcase><testcase classname="tests.test_FrontEnd_APIs.test_authority_input" file="tests/test_FrontEnd_APIs/test_authority_input.py" line="495" name="test_athty_input_functionality_max_imeis_per_device" time="0.221"><system-out>b&apos;{&quot;msg&quot;: &quot;Device\&apos;s information has been successfully loaded&quot;, &quot;pair_code&quot;: &quot;PVF7ZXST&quot;}&apos;
b&apos;{&quot;Error&quot;: &quot;Up to 5 IMEIs per device are allowed only&quot;}&apos;
</system-out></testcase><testcase classname="tests.test_FrontEnd_APIs.test_authority_search" file="tests/test_FrontEnd_APIs/test_authority_search.py" line="59" name="test_athty_search_happy_case" time="1.325"><system-out>{&apos;start&apos;: 0, &apos;limit&apos;: 5, &apos;count&apos;: 0, &apos;country_code&apos;: &apos;92&apos;, &apos;cases&apos;: [{&apos;contact&apos;: &apos;923145309633&apos;, &apos;brand&apos;: &apos;Samsung&apos;, &apos;model&apos;: &apos;Note5&apos;, &apos;serial_no&apos;: &apos;1234GHb4y&apos;, &apos;imei&apos;: &apos;111111111111111&apos;, &apos;mac&apos;: &apos;20:AB:56:AF:44:C4&apos;, &apos;pair_code&apos;: &apos;g8qquEVQ&apos;, &apos;is_active&apos;: True}]}
</system-out></testcase><testcase classname="tests.test_FrontEnd_APIs.test_authority_search" file="tests/test_FrontEnd_APIs/test_authority_search.py" line="74" name="test_athty_search_functionality_missing_parameters" time="0.024"><system-out>{&apos;start&apos;: 0, &apos;limit&apos;: 5, &apos;count&apos;: 0, &apos;country_code&apos;: &apos;92&apos;, &apos;cases&apos;: [{&apos;contact&apos;: &apos;923158154773&apos;, &apos;brand&apos;: &apos;OPPO&apos;, &apos;model&apos;: &apos;F-6&apos;, &apos;serial_no&apos;: &apos;1234GHAAA&apos;, &apos;imei&apos;: &apos;222222222222222&apos;, &apos;mac&apos;: &apos;20:AB:5C:AF:44:AD&apos;, &apos;pair_code&apos;: &apos;kyDCAmL1&apos;, &apos;is_active&apos;: True}]}
</system-out></testcase><testcase classname="tests.test_FrontEnd_APIs.test_authority_search" file="tests/test_FrontEnd_APIs/test_authority_search.py" line="90" name="test_athty_search_functionality_single_parameter_search" time="0.024"><system-out>{&apos;start&apos;: 0, &apos;limit&apos;: 5, &apos;count&apos;: 0, &apos;country_code&apos;: &apos;92&apos;, &apos;cases&apos;: [{&apos;contact&apos;: &apos;923006819263&apos;, &apos;brand&apos;: &apos;Xiamo&apos;, &apos;model&apos;: &apos;RedMi&apos;, &apos;serial_no&apos;: &apos;U87Hsr&apos;, &apos;imei&apos;: &apos;333333333333333&apos;, &apos;mac&apos;: &apos;F0:CB:AD:EF:84:FD&apos;, &apos;pair_code&apos;: &apos;QBADXNGZ&apos;, &apos;is_active&apos;: True}]}
</system-out></testcase><testcase classname="tests.test_FrontEnd_APIs.test_authority_search" file="tests/test_FrontEnd_APIs/test_authority_search.py" line="105" name="test_athty_search_functionality_no_search_parameter" time="0.011"><system-out>{&apos;start&apos;: 0, &apos;cases&apos;: [], &apos;count&apos;: 0, &apos;Country_Code&apos;: &apos;92&apos;, &apos;limit&apos;: 5}
</system-out></testcase><testcase classname="tests.test_FrontEnd_APIs.test_authority_search" file="tests/test_FrontEnd_APIs/test_authority_search.py" line="119" name="test_athty_search_functionality_wrong_search_parameter" time="0.011"><system-out>{&apos;start&apos;: 0, &apos;cases&apos;: [], &apos;count&apos;: 0, &apos;Country_Code&apos;: &apos;92&apos;, &apos;limit&apos;: 5}
</system-out></testcase><testcase classname="tests.test_FrontEnd_APIs.test_authority_search" file="tests/test_FrontEnd_APIs/test_authority_search.py" line="133" name="test_athty_search_functionality_grouped_imeis" time="0.011"><system-out>[{&apos;contact&apos;: &apos;923457091247&apos;, &apos;brand&apos;: &apos;NOKIA&apos;, &apos;model&apos;: &apos;Nokia-2&apos;, &apos;serial_no&apos;: &apos;G6Tre4kl&apos;, &apos;imei&apos;: &apos;555555555555555,666666666666666&apos;, &apos;mac&apos;: &apos;AD:C3:99:54:84:88&apos;, &apos;pair_code&apos;: &apos;FrfxlfLk&apos;, &apos;is_active&apos;: True}]
</system-out></testcase><testcase classname="tests.test_FrontEnd_APIs.test_authority_search" file="tests/test_FrontEnd_APIs/test_authority_search.py" line="149" name="test_athty_search_validations_invalid_mac" time="0.005"><system-out>{&apos;Error&apos;: &apos;MAC format is not correct&apos;} MAC= T~68_F*eP`q
{&apos;Error&apos;: &apos;MAC format is not correct&apos;} MAC= K0@2a6!M04$
</system-out></testcase><testcase classname="tests.test_FrontEnd_APIs.test_authority_search" file="tests/test_FrontEnd_APIs/test_authority_search.py" line="167" name="test_athty_search_validations_invalid_serial_no" time="0.004"><system-out>{&apos;Error&apos;: &apos;Serial-Number format is not correct&apos;} Serial_No= $erI@||n&lt;&gt;?b#
{&apos;Error&apos;: &apos;Serial-Number format is not correct&apos;} Serial_No= G&amp;!@6!T04$
</system-out></testcase><testcase classname="tests.test_FrontEnd_APIs.test_authority_search" file="tests/test_FrontEnd_APIs/test_authority_search.py" line="185" name="test_athty_search_validations_invalid_contact_no" time="0.006"><system-out>{&apos;Error&apos;: &apos;Contact-MSISDN format is not correct&apos;} Contact_No= 30a21D19x4
{&apos;Error&apos;: &apos;Contact-MSISDN format is not correct&apos;} Contact_No= 30@216!904$
</system-out></testcase><testcase classname="tests.test_FrontEnd_APIs.test_authority_search" file="tests/test_FrontEnd_APIs/test_authority_search.py" line="203" name="test_athty_search_validations_invalid_imei" time="0.007"><system-out>{&apos;Error&apos;: &apos;IMEI format is not correct&apos;} IMEI= 313789$
{&apos;Error&apos;: &apos;IMEI format is not correct&apos;} IMEI= 31!937A6%81478C5
{&apos;Error&apos;: &apos;IMEI format is not correct&apos;} IMEI= 31678@8&amp;909*1#6
{&apos;Error&apos;: &apos;IMEI format is not correct&apos;} IMEI= 7~b9{f1a7,d|9?c8)3/e
</system-out></testcase><testcase classname="tests.test_FrontEnd_APIs.test_authority_search" file="tests/test_FrontEnd_APIs/test_authority_search.py" line="221" name="test_athty_search_validations_invalid_start_limit" time="0.004"><system-out>{&apos;Error&apos;: &apos;Start or Limit is not integer&apos;}
</system-out></testcase><testcase classname="tests.test_FrontEnd_APIs.test_authority_search" file="tests/test_FrontEnd_APIs/test_authority_search.py" line="237" name="test_athty_search_validations_invalid_search_arguments" time="0.003"><system-out>{&apos;Error&apos;: &apos;search_args is not correct&apos;}
</system-out></testcase><testcase classname="tests.test_FrontEnd_APIs.test_authority_search" file="tests/test_FrontEnd_APIs/test_authority_search.py" line="253" name="test_athty_search_error__404_wrong_api" time="0.003"><system-out>{&apos;Error&apos;: &apos;Not Found&apos;}
</system-out></testcase><testcase classname="tests.test_FrontEnd_APIs.test_authority_search" file="tests/test_FrontEnd_APIs/test_authority_search.py" line="264" name="test_athty_search_error_405_method_not_allowed" time="0.005"></testcase><testcase classname="tests.test_FrontEnd_APIs.test_authority_search" file="tests/test_FrontEnd_APIs/test_authority_search.py" line="277" name="test_athty_search_offset_limit_chk" time="0.039"><system-out>{&apos;start&apos;: 0, &apos;limit&apos;: 4, &apos;count&apos;: 0, &apos;country_code&apos;: &apos;92&apos;, &apos;cases&apos;: [{&apos;contact&apos;: &apos;923028432600&apos;, &apos;brand&apos;: &apos;Samsung&apos;, &apos;model&apos;: &apos;Note3&apos;, &apos;serial_no&apos;: &apos;1XcFGHb01&apos;, &apos;imei&apos;: &apos;112233445566771&apos;, &apos;mac&apos;: &apos;20:AB:56:AF:44:AD&apos;, &apos;pair_code&apos;: &apos;g8qquY01&apos;, &apos;is_active&apos;: True}, {&apos;contact&apos;: &apos;923028432601&apos;, &apos;brand&apos;: &apos;Samsung&apos;, &apos;model&apos;: &apos;Note4&apos;, &apos;serial_no&apos;: &apos;1XcFGHb02&apos;, &apos;imei&apos;: &apos;112233445566772&apos;, &apos;mac&apos;: &apos;20:AB:56:AF:44:AD&apos;, &apos;pair_code&apos;: &apos;g8qquY02&apos;, &apos;is_active&apos;: True}, {&apos;contact&apos;: &apos;923028432602&apos;, &apos;brand&apos;: &apos;Samsung&apos;, &apos;model&apos;: &apos;Note5&apos;, &apos;serial_no&apos;: &apos;1XcFGHb03&apos;, &apos;imei&apos;: &apos;112233445566773&apos;, &apos;mac&apos;: &apos;20:AB:56:AF:44:AD&apos;, &apos;pair_code&apos;: &apos;g8qquY03&apos;, &apos;is_active&apos;: True}, {&apos;contact&apos;: &apos;923028432603&apos;, &apos;brand&apos;: &apos;Samsung&apos;, &apos;model&apos;: &apos;Note6&apos;, &apos;serial_no&apos;: &apos;1XcFGHb04&apos;, &apos;imei&apos;: &apos;112233445566774&apos;, &apos;mac&apos;: &apos;20:AB:56:AF:44:AD&apos;, &apos;pair_code&apos;: &apos;g8qquY04&apos;, &apos;is_active&apos;: True}]}
{&apos;start&apos;: 1, &apos;limit&apos;: 4, &apos;count&apos;: 0, &apos;country_code&apos;: &apos;92&apos;, &apos;cases&apos;: [{&apos;contact&apos;: &apos;923028432601&apos;, &apos;brand&apos;: &apos;Samsung&apos;, &apos;model&apos;: &apos;Note4&apos;, &apos;serial_no&apos;: &apos;1XcFGHb02&apos;, &apos;imei&apos;: &apos;112233445566772&apos;, &apos;mac&apos;: &apos;20:AB:56:AF:44:AD&apos;, &apos;pair_code&apos;: &apos;g8qquY02&apos;, &apos;is_active&apos;: True}, {&apos;contact&apos;: &apos;923028432602&apos;, &apos;brand&apos;: &apos;Samsung&apos;, &apos;model&apos;: &apos;Note5&apos;, &apos;serial_no&apos;: &apos;1XcFGHb03&apos;, &apos;imei&apos;: &apos;112233445566773&apos;, &apos;mac&apos;: &apos;20:AB:56:AF:44:AD&apos;, &apos;pair_code&apos;: &apos;g8qquY03&apos;, &apos;is_active&apos;: True}, {&apos;contact&apos;: &apos;923028432603&apos;, &apos;brand&apos;: &apos;Samsung&apos;, &apos;model&apos;: &apos;Note6&apos;, &apos;serial_no&apos;: &apos;1XcFGHb04&apos;, &apos;imei&apos;: &apos;112233445566774&apos;, &apos;mac&apos;: &apos;20:AB:56:AF:44:AD&apos;, &apos;pair_code&apos;: &apos;g8qquY04&apos;, &apos;is_active&apos;: True}]}
{&apos;start&apos;: 2, &apos;limit&apos;: 4, &apos;count&apos;: 0, &apos;country_code&apos;: &apos;92&apos;, &apos;cases&apos;: [{&apos;contact&apos;: &apos;923028432602&apos;, &apos;brand&apos;: &apos;Samsung&apos;, &apos;model&apos;: &apos;Note5&apos;, &apos;serial_no&apos;: &apos;1XcFGHb03&apos;, &apos;imei&apos;: &apos;112233445566773&apos;, &apos;mac&apos;: &apos;20:AB:56:AF:44:AD&apos;, &apos;pair_code&apos;: &apos;g8qquY03&apos;, &apos;is_active&apos;: True}, {&apos;contact&apos;: &apos;923028432603&apos;, &apos;brand&apos;: &apos;Samsung&apos;, &apos;model&apos;: &apos;Note6&apos;, &apos;serial_no&apos;: &apos;1XcFGHb04&apos;, &apos;imei&apos;: &apos;112233445566774&apos;, &apos;mac&apos;: &apos;20:AB:56:AF:44:AD&apos;, &apos;pair_code&apos;: &apos;g8qquY04&apos;, &apos;is_active&apos;: True}]}
{&apos;start&apos;: 3, &apos;limit&apos;: 4, &apos;count&apos;: 0, &apos;country_code&apos;: &apos;92&apos;, &apos;cases&apos;: [{&apos;contact&apos;: &apos;923028432603&apos;, &apos;brand&apos;: &apos;Samsung&apos;, &apos;model&apos;: &apos;Note6&apos;, &apos;serial_no&apos;: &apos;1XcFGHb04&apos;, &apos;imei&apos;: &apos;112233445566774&apos;, &apos;mac&apos;: &apos;20:AB:56:AF:44:AD&apos;, &apos;pair_code&apos;: &apos;g8qquY04&apos;, &apos;is_active&apos;: True}]}
</system-out></testcase><testcase classname="tests.test_FrontEnd_APIs.test_mno_bulk_download" file="tests/test_FrontEnd_APIs/test_mno_bulk_download.py" line="62" name="test_bulk_download_functionality_no_records" time="1.346"><system-out>{&apos;Error&apos;: &apos;No File found&apos;} jazz
{&apos;Error&apos;: &apos;No File found&apos;} telenor
{&apos;Error&apos;: &apos;No File found&apos;} zong
{&apos;Error&apos;: &apos;No File found&apos;} ufone
{&apos;Error&apos;: &apos;No File found&apos;} warid
</system-out></testcase><testcase classname="tests.test_FrontEnd_APIs.test_mno_bulk_download" file="tests/test_FrontEnd_APIs/test_mno_bulk_download.py" line="80" name="test_bulk_download_happy_case_primary_pairs_only" time="0.030"><system-out>b&apos;MSISDN,IMSI\n923007112390,\n923007112391,\n&apos;
</system-out></testcase><testcase classname="tests.test_FrontEnd_APIs.test_mno_bulk_download" file="tests/test_FrontEnd_APIs/test_mno_bulk_download.py" line="95" name="test_bulk_download_happy_case_all_pairs" time="0.034"><system-out>b&apos;MSISDN,IMSI\n923006565747,\n923007575848,\n923018113333,\n923018112222,\n&apos;
</system-out></testcase><testcase classname="tests.test_FrontEnd_APIs.test_mno_bulk_download" file="tests/test_FrontEnd_APIs/test_mno_bulk_download.py" line="116" name="test_bulk_download_validations_operator_names" time="0.032"><system-out>correct operator name:  jazz
correct operator name:  telenor
correct operator name:  zong
correct operator name:  ufone
correct operator name:  warid
{&apos;Error&apos;: &apos;Improper Operator-Name provided&apos;} j@zz
{&apos;Error&apos;: &apos;Improper Operator-Name provided&apos;} Vodafone
{&apos;Error&apos;: &apos;Improper Operator-Name provided&apos;} T-Mobile
{&apos;Error&apos;: &apos;Improper Operator-Name provided&apos;} Orange
{&apos;Error&apos;: &apos;Improper Operator-Name provided&apos;} wariid
</system-out></testcase><testcase classname="tests.test_FrontEnd_APIs.test_mno_bulk_download" file="tests/test_FrontEnd_APIs/test_mno_bulk_download.py" line="138" name="test_bulk_download_error_404_wrong_api" time="0.002"><system-out>{&apos;Error&apos;: &apos;Not Found&apos;}
</system-out></testcase><testcase classname="tests.test_FrontEnd_APIs.test_mno_bulk_download" file="tests/test_FrontEnd_APIs/test_mno_bulk_download.py" line="149" name="test_bulk_download_error_405_method_not_allowed" time="0.006"></testcase><testcase classname="tests.test_FrontEnd_APIs.test_mno_bulk_upload" file="tests/test_FrontEnd_APIs/test_mno_bulk_upload.py" line="60" name="test_bulk_upload_happy_case_proper_file" time="2.224"><system-out>b&apos;{&quot;msg&quot;: &quot;File successfully loaded&quot;, &quot;Total_Records&quot;: 7, &quot;Successful_Records&quot;: 7, &quot;Deleted_Record&quot;: 0, &quot;link&quot;: &quot;No error file available&quot;}&apos;
</system-out></testcase><testcase classname="tests.test_FrontEnd_APIs.test_mno_bulk_upload" file="tests/test_FrontEnd_APIs/test_mno_bulk_upload.py" line="84" name="test_bulk_upload_file_duplicated_imsis" time="0.016"><system-out>b&apos;{&quot;Error&quot;: &quot;File contains duplicated IMSIs&quot;}&apos;
</system-out></testcase><testcase classname="tests.test_FrontEnd_APIs.test_mno_bulk_upload" file="tests/test_FrontEnd_APIs/test_mno_bulk_upload.py" line="108" name="test_bulk_upload_file_incorrect_content" time="0.014"><system-out>b&apos;{&quot;Error&quot;: &quot;File content is not Correct&quot;}&apos;
</system-out></testcase><testcase classname="tests.test_FrontEnd_APIs.test_mno_bulk_upload" file="tests/test_FrontEnd_APIs/test_mno_bulk_upload.py" line="132" name="test_bulk_upload_file_with_errors" time="0.914"><system-out>b&apos;{&quot;msg&quot;: &quot;File successfully loaded&quot;, &quot;Total_Records&quot;: 10, &quot;Successful_Records&quot;: 2, &quot;Deleted_Record&quot;: 8, &quot;link&quot;: &quot;/home/munawar/PycharmProjects/Device-Pairing-Subsystem/downloads/Error-Records_jazz_2019-06-21_15-01-00.csv&quot;}&apos;
</system-out></testcase><testcase classname="tests.test_FrontEnd_APIs.test_mno_bulk_upload" file="tests/test_FrontEnd_APIs/test_mno_bulk_upload.py" line="157" name="test_bulk_upload_file_headers_incorrect" time="0.013"><system-out>b&apos;{&quot;Error&quot;: &quot;File headers are missing or incorrect&quot;}&apos;
</system-out></testcase><testcase classname="tests.test_FrontEnd_APIs.test_mno_bulk_upload" file="tests/test_FrontEnd_APIs/test_mno_bulk_upload.py" line="181" name="test_bulk_upload_file_type_invalid" time="0.008"><system-out>b&apos;{&quot;Error&quot;: &quot;File type is not valid&quot;}&apos;
</system-out></testcase><testcase classname="tests.test_FrontEnd_APIs.test_mno_bulk_upload" file="tests/test_FrontEnd_APIs/test_mno_bulk_upload.py" line="205" name="test_bulk_upload_no_file_or_incorrect" time="0.004"><system-out>b&apos;{&quot;Error&quot;: &quot;No file or improper file found&quot;}&apos;
</system-out></testcase><testcase classname="tests.test_FrontEnd_APIs.test_mno_bulk_upload" file="tests/test_FrontEnd_APIs/test_mno_bulk_upload.py" line="229" name="test_bulk_upload_validation_invalid_mno" time="0.003"><system-out>b&apos;{&quot;Error&quot;: &quot;improper Operator-name provided&quot;}&apos;
</system-out></testcase><testcase classname="tests.test_FrontEnd_APIs.test_mno_bulk_upload" file="tests/test_FrontEnd_APIs/test_mno_bulk_upload.py" line="253" name="test_bulk_upload_validation_txt_file" time="1.405"><system-out>{&apos;msg&apos;: &apos;File successfully loaded&apos;, &apos;Total_Records&apos;: 8, &apos;Successful_Records&apos;: 6, &apos;Deleted_Record&apos;: 2, &apos;link&apos;: &apos;/home/munawar/PycharmProjects/Device-Pairing-Subsystem/downloads/Error-Records_telenor_2019-06-21_15-01-02.csv&apos;}
</system-out></testcase><testcase classname="tests.test_FrontEnd_APIs.test_mno_bulk_upload" file="tests/test_FrontEnd_APIs/test_mno_bulk_upload.py" line="277" name="test_bulk_upload_validation_wrong_extention_file" time="0.005"><system-out>{&apos;Error&apos;: &apos;No file or improper file found&apos;}
</system-out></testcase><testcase classname="tests.test_FrontEnd_APIs.test_mno_bulk_upload" file="tests/test_FrontEnd_APIs/test_mno_bulk_upload.py" line="301" name="test_bulk_upload_validation_wrong_api_parameters" time="0.007"><system-out>{&apos;Error&apos;: &apos;improper Operator-name provided&apos;}
{&apos;Error&apos;: &apos;No file or improper file found&apos;}
</system-out></testcase><testcase classname="tests.test_FrontEnd_APIs.test_mno_bulk_upload" file="tests/test_FrontEnd_APIs/test_mno_bulk_upload.py" line="340" name="test_bulk_upload_error__404_wrong_api" time="0.002"><system-out>{&apos;Error&apos;: &apos;Not Found&apos;}
</system-out></testcase><testcase classname="tests.test_FrontEnd_APIs.test_mno_bulk_upload" file="tests/test_FrontEnd_APIs/test_mno_bulk_upload.py" line="354" name="test_bulk_upload_error__405_method_not_allowed" time="0.004"></testcase><testcase classname="tests.test_FrontEnd_APIs.test_mno_error_file" file="tests/test_FrontEnd_APIs/test_mno_error_file.py" line="59" name="test_mno_error_file_happy_case" time="1.303"><system-out>b&apos;MSISDN,IMSI\n923332293464,41003300A25999875\n923332A222341,410033000171771\n9233-32277292,41003300023?864\n92314:5309688,410012233445566\n923332223107,4100@3000173800\n923332347599,dfdfere232435\n923333152305,410031370\n423333078909,410033000463771\n&apos;
</system-out></testcase><testcase classname="tests.test_FrontEnd_APIs.test_mno_error_file" file="tests/test_FrontEnd_APIs/test_mno_error_file.py" line="69" name="test_mno_error_file_not_found" time="0.002"><system-out>{&apos;Error&apos;: &apos;File not found&apos;}
</system-out></testcase><testcase classname="tests.test_FrontEnd_APIs.test_mno_error_file" file="tests/test_FrontEnd_APIs/test_mno_error_file.py" line="86" name="test_mno_error_file_missing_url" time="0.002"><system-out>{&apos;Error&apos;: &apos;URL is missing&apos;}
</system-out></testcase><testcase classname="tests.test_FrontEnd_APIs.test_mno_error_file" file="tests/test_FrontEnd_APIs/test_mno_error_file.py" line="102" name="test_mno_error_file_error_404_wrong_api" time="0.002"><system-out>b&apos;{&quot;Error&quot;: &quot;Not Found&quot;}&apos;
</system-out></testcase><testcase classname="tests.test_FrontEnd_APIs.test_mno_error_file" file="tests/test_FrontEnd_APIs/test_mno_error_file.py" line="113" name="test_mno_error_file__error_405_method_not_allowed" time="0.009"></testcase><testcase classname="tests.test_FrontEnd_APIs.test_mno_first_page" file="tests/test_FrontEnd_APIs/test_mno_first_page.py" line="60" name="test_mno_first_page_happy_case_multiple_record" time="1.560"><system-out>b&apos;{&quot;start&quot;: 1, &quot;limit&quot;: 20, &quot;count&quot;: 8, &quot;country_code&quot;: &quot;92&quot;, &quot;cases&quot;: [{&quot;Req_id&quot;: &quot;UT5yIbiY&quot;, &quot;MSISDN&quot;: &quot;923458888222&quot;}, {&quot;Req_id&quot;: &quot;NQG9qTm5&quot;, &quot;MSISDN&quot;: &quot;923458888333&quot;}, {&quot;Req_id&quot;: &quot;F933wv16&quot;, &quot;MSISDN&quot;: &quot;923458888444&quot;}, {&quot;Req_id&quot;: &quot;F0SZjaHU&quot;, &quot;MSISDN&quot;: &quot;923479999111&quot;}, {&quot;Req_id&quot;: &quot;ytWQbw55&quot;, &quot;MSISDN&quot;: &quot;923479999222&quot;}, {&quot;Req_id&quot;: &quot;4GI2Pewe&quot;, &quot;MSISDN&quot;: &quot;923479999333&quot;}, {&quot;Req_id&quot;: &quot;EqSOIKOU&quot;, &quot;MSISDN&quot;: &quot;923479999444&quot;}]}&apos;
b&apos;{&quot;start&quot;: 2, &quot;limit&quot;: 2, &quot;count&quot;: 8, &quot;country_code&quot;: &quot;92&quot;, &quot;cases&quot;: [{&quot;Req_id&quot;: &quot;dnrPYBB7&quot;, &quot;MSISDN&quot;: &quot;923458888333&quot;}, {&quot;Req_id&quot;: &quot;QLm18dLA&quot;, &quot;MSISDN&quot;: &quot;923458888444&quot;}]}&apos;
b&apos;{&quot;start&quot;: 3, &quot;limit&quot;: 2, &quot;count&quot;: 8, &quot;country_code&quot;: &quot;92&quot;, &quot;cases&quot;: [{&quot;Req_id&quot;: &quot;m3Jc8W69&quot;, &quot;MSISDN&quot;: &quot;923458888444&quot;}, {&quot;Req_id&quot;: &quot;lwDw6xo9&quot;, &quot;MSISDN&quot;: &quot;923479999111&quot;}]}&apos;
</system-out></testcase><testcase classname="tests.test_FrontEnd_APIs.test_mno_first_page" file="tests/test_FrontEnd_APIs/test_mno_first_page.py" line="98" name="test_mno_first_page_happy_case_single_record" time="0.023"><system-out>b&apos;{&quot;start&quot;: 1, &quot;limit&quot;: 2, &quot;count&quot;: 2, &quot;country_code&quot;: &quot;92&quot;, &quot;cases&quot;: [{&quot;Req_id&quot;: &quot;lbFDupNG&quot;, &quot;MSISDN&quot;: &quot;923227648092&quot;}]}&apos;
</system-out></testcase><testcase classname="tests.test_FrontEnd_APIs.test_mno_first_page" file="tests/test_FrontEnd_APIs/test_mno_first_page.py" line="114" name="test_mno_first_page_missing_parameters" time="0.006"><system-out>{&apos;Error&apos;: &apos;limit is missing&apos;} {&apos;Error&apos;: &apos;start is missing&apos;} {&apos;Error&apos;: &quot;operator&apos;s name is missing&quot;}
</system-out></testcase><testcase classname="tests.test_FrontEnd_APIs.test_mno_first_page" file="tests/test_FrontEnd_APIs/test_mno_first_page.py" line="146" name="test_mno_first_page_validations_start_and_limit" time="0.004"><system-out>{&apos;Error&apos;: &apos;Start or limit is not correct&apos;} {&apos;Error&apos;: &apos;Start or limit is not correct&apos;}
</system-out></testcase><testcase classname="tests.test_FrontEnd_APIs.test_mno_first_page" file="tests/test_FrontEnd_APIs/test_mno_first_page.py" line="170" name="test_mno_first_page_validations_operator_name" time="0.055"><system-out>correct operator name:  jazz
correct operator name:  telenor
correct operator name:  zong
correct operator name:  ufone
correct operator name:  warid
{&apos;Error&apos;: &quot;improper Operator&apos;s name provided&quot;} j@zz
{&apos;Error&apos;: &quot;improper Operator&apos;s name provided&quot;} Vodafone
{&apos;Error&apos;: &quot;improper Operator&apos;s name provided&quot;} T-Mobile
{&apos;Error&apos;: &quot;improper Operator&apos;s name provided&quot;} Orange
{&apos;Error&apos;: &quot;improper Operator&apos;s name provided&quot;} wariid
</system-out></testcase><testcase classname="tests.test_FrontEnd_APIs.test_mno_first_page" file="tests/test_FrontEnd_APIs/test_mno_first_page.py" line="202" name="test_mno_first_page_functionality_no_records" time="0.010"><system-out>{&apos;msg&apos;: &apos;no record found&apos;}
</system-out></testcase><testcase classname="tests.test_FrontEnd_APIs.test_mno_first_page" file="tests/test_FrontEnd_APIs/test_mno_first_page.py" line="217" name="test_mno_first_page_error_404_wrong_api" time="0.002"><system-out>b&apos;{&quot;Error&quot;: &quot;Not Found&quot;}&apos;
</system-out></testcase><testcase classname="tests.test_FrontEnd_APIs.test_mno_first_page" file="tests/test_FrontEnd_APIs/test_mno_first_page.py" line="227" name="test_mno_first_page_error_405_method_not_allowed" time="0.006"></testcase><testcase classname="tests.test_FrontEnd_APIs.test_mno_single_imsi" file="tests/test_FrontEnd_APIs/test_mno_single_imsi.py" line="60" name="test_mno_single_imsi_happy_case_primary_pair" time="1.344"><system-out>{&apos;msg&apos;: &apos;IMSI added successfully&apos;}
</system-out></testcase><testcase classname="tests.test_FrontEnd_APIs.test_mno_single_imsi" file="tests/test_FrontEnd_APIs/test_mno_single_imsi.py" line="80" name="test_mno_single_imsi_happy_case_secondary_pair" time="0.022"><system-out>{&apos;msg&apos;: &apos;IMSI added successfully&apos;}
</system-out></testcase><testcase classname="tests.test_FrontEnd_APIs.test_mno_single_imsi" file="tests/test_FrontEnd_APIs/test_mno_single_imsi.py" line="102" name="test_mno_single_imsi_functionality_imsi_duplication" time="0.025"><system-out>{&apos;Error&apos;: &apos;IMSI already exists&apos;}
</system-out></testcase><testcase classname="tests.test_FrontEnd_APIs.test_mno_single_imsi" file="tests/test_FrontEnd_APIs/test_mno_single_imsi.py" line="128" name="test_mno_single_imsi_validations_wrong_mno_and_msisdn" time="0.024"><system-out>{&apos;msg&apos;: &apos;IMSI addition Failed&apos;}
{&apos;msg&apos;: &apos;IMSI addition Failed&apos;}
</system-out></testcase><testcase classname="tests.test_FrontEnd_APIs.test_mno_single_imsi" file="tests/test_FrontEnd_APIs/test_mno_single_imsi.py" line="160" name="test_mno_single_imsi_functionality_unconfirmed_pair" time="0.016"><system-out>{&apos;msg&apos;: &apos;IMSI addition Failed&apos;}
</system-out></testcase><testcase classname="tests.test_FrontEnd_APIs.test_mno_single_imsi" file="tests/test_FrontEnd_APIs/test_mno_single_imsi.py" line="181" name="test_mno_single_imsi_functionality_deleted_pair" time="0.015"><system-out>{&apos;msg&apos;: &apos;IMSI addition Failed&apos;}
</system-out></testcase><testcase classname="tests.test_FrontEnd_APIs.test_mno_single_imsi" file="tests/test_FrontEnd_APIs/test_mno_single_imsi.py" line="202" name="test_mno_single_imsi_error_404_wrong_api" time="0.002"><system-out>{&apos;Error&apos;: &apos;Not Found&apos;}
</system-out></testcase><testcase classname="tests.test_FrontEnd_APIs.test_mno_single_imsi" file="tests/test_FrontEnd_APIs/test_mno_single_imsi.py" line="214" name="test_mno_single_imsi_error_405_method_not_allowed" time="0.007"></testcase><testcase classname="tests.test_FrontEnd_APIs.test_mno_single_imsi" file="tests/test_FrontEnd_APIs/test_mno_single_imsi.py" line="228" name="test_mno_single_validations_invalid_counrty_code" time="0.003"><system-out>{&apos;Error&apos;: &apos;MSISDN format is not correct&apos;}
</system-out></testcase><testcase classname="tests.test_FrontEnd_APIs.test_mno_single_imsi" file="tests/test_FrontEnd_APIs/test_mno_single_imsi.py" line="245" name="test_mno_single_validations_invalid_subscriber_no" time="0.006"><system-out>{&apos;Error&apos;: &apos;MSISDN format is not correct&apos;} 30021619047892364
{&apos;Error&apos;: &apos;MSISDN format is not correct&apos;} 30a21D19x4
{&apos;Error&apos;: &apos;MSISDN format is not correct&apos;} 30@216!904$
</system-out></testcase><testcase classname="tests.test_FrontEnd_APIs.test_mno_single_imsi" file="tests/test_FrontEnd_APIs/test_mno_single_imsi.py" line="264" name="test_mno_single_validations_invalid_imsi" time="0.008"><system-out>{&apos;Error&apos;: &apos;IMSI format is not correct&apos;} 4100181
{&apos;Error&apos;: &apos;IMSI format is not correct&apos;} 410048956738902536
{&apos;Error&apos;: &apos;IMSI format is not correct&apos;} 41OO12l6o4z6a9N
{&apos;Error&apos;: &apos;IMSI format is not correct&apos;} 4!00|2l6@4^6#9&amp;
</system-out></testcase><testcase classname="tests.test_FrontEnd_APIs.test_mno_single_imsi" file="tests/test_FrontEnd_APIs/test_mno_single_imsi.py" line="283" name="test_mno_single_validations_operator_names" time="0.058"><system-out>correct operator name:  jazz
correct operator name:  telenor
correct operator name:  zong
correct operator name:  ufone
correct operator name:  warid
{&apos;Error&apos;: &apos;Improper Operator-Name provided&apos;} j@zz
{&apos;Error&apos;: &apos;Improper Operator-Name provided&apos;} Vodafone
{&apos;Error&apos;: &apos;Improper Operator-Name provided&apos;} T-Mobile
{&apos;Error&apos;: &apos;Improper Operator-Name provided&apos;} Orange
{&apos;Error&apos;: &apos;Improper Operator-Name provided&apos;} wariid
</system-out></testcase><testcase classname="tests.test_FrontEnd_APIs.test_mno_single_imsi" file="tests/test_FrontEnd_APIs/test_mno_single_imsi.py" line="315" name="test_mno_single_missing_parameters" time="0.009"><system-out>{&apos;Error&apos;: &apos;Country-Code is missing&apos;}
{&apos;Error&apos;: &apos;Subscriber-Number is missing&apos;}
{&apos;Error&apos;: &quot;operator&apos;s name is missing&quot;}
{&apos;Error&apos;: &apos;IMSI is missing&apos;}
{&apos;Error&apos;: &apos;MSISDN is missing&apos;}
</system-out></testcase><testcase classname="tests.test_db_models.test_models_indexes" file="tests/test_db_models/test_models_indexes.py" line="60" name="test_owner_index" time="1.316"><system-out>owner_contact_index
</system-out></testcase><testcase classname="tests.test_db_models.test_models_indexes" file="tests/test_db_models/test_models_indexes.py" line="76" name="test_device_indexes" time="0.008"><system-out>owner_pkey
devices_pkey
imei_pkey
pairing_codes_pkey
pairing_pkey
owner_contact_index
devices_serialno_index
devices_mac_index
devices_model_index
devices_brand_index
</system-out></testcase><testcase classname="tests.test_db_models.test_models_indexes" file="tests/test_db_models/test_models_indexes.py" line="98" name="test_pairing_codes_index" time="0.005"><system-out>devices_paircodes_index
</system-out></testcase><testcase classname="tests.test_db_models.test_models_indexes" file="tests/test_db_models/test_models_indexes.py" line="114" name="test_imei_index" time="0.003"><system-out>devices_imei_index
</system-out></testcase><testcase classname="tests.test_db_models.test_models_indexes" file="tests/test_db_models/test_models_indexes.py" line="130" name="test_pairing_indexes" time="0.008"><system-out>owner_pkey
devices_pkey
imei_pkey
pairing_codes_pkey
pairing_pkey
owner_contact_index
devices_serialno_index
devices_mac_index
devices_model_index
devices_brand_index
devices_paircodes_index
devices_imei_index
devices_msisdn_index
devices_imsi_index
devices_creation_date_index
devices_end_date_index
devices_operator_index
</system-out></testcase><testcase classname="tests.test_kannel_APIs.test_add_pair_confirmation" file="tests/test_kannel_APIs/test_add_pair_confirmation.py" line="58" name="test_add_confirm_validations_wrong_sender_no" time="1.335"></testcase><testcase classname="tests.test_kannel_APIs.test_add_pair_confirmation" file="tests/test_kannel_APIs/test_add_pair_confirmation.py" line="71" name="test_add_confirm_validations_valid_sender_no" time="0.006"></testcase><testcase classname="tests.test_kannel_APIs.test_add_pair_confirmation" file="tests/test_kannel_APIs/test_add_pair_confirmation.py" line="81" name="test_add_confirm_validations_operator_name" time="0.008"></testcase><testcase classname="tests.test_kannel_APIs.test_add_pair_confirmation" file="tests/test_kannel_APIs/test_add_pair_confirmation.py" line="98" name="test_add_confirm_validations_yes_no" time="0.028"></testcase><testcase classname="tests.test_kannel_APIs.test_add_pair_confirmation" file="tests/test_kannel_APIs/test_add_pair_confirmation.py" line="120" name="test_add_confirm_missing_parameters" time="0.010"></testcase><testcase classname="tests.test_kannel_APIs.test_add_pair_confirmation" file="tests/test_kannel_APIs/test_add_pair_confirmation.py" line="145" name="test_add_confirm_error_400_wrong_api" time="0.003"><system-out>b&apos;{&quot;Error&quot;: &quot;Bad Request&quot;}&apos;
</system-out></testcase><testcase classname="tests.test_kannel_APIs.test_add_pair_confirmation" file="tests/test_kannel_APIs/test_add_pair_confirmation.py" line="154" name="test_add_confirm_error_404_bad_request" time="0.002"><system-out>b&apos;{&quot;Error&quot;: &quot;Not Found&quot;}&apos;
</system-out></testcase><testcase classname="tests.test_kannel_APIs.test_add_pair_confirmation" file="tests/test_kannel_APIs/test_add_pair_confirmation.py" line="164" name="test_add_confirm_error_405_method_not_allowed" time="0.007"></testcase><testcase classname="tests.test_kannel_APIs.test_add_pair_confirmation" file="tests/test_kannel_APIs/test_add_pair_confirmation.py" line="177" name="test_add_confirm_happy_case_yes" time="0.189"><system-out>b&apos;Request of additional pair from (923478190264) is accepted by (923115840917)&apos;
</system-out></testcase><testcase classname="tests.test_kannel_APIs.test_add_pair_confirmation" file="tests/test_kannel_APIs/test_add_pair_confirmation.py" line="191" name="test_add_confirm_happy_case_no" time="0.609"><system-out>b&apos;Request of additional pair is rejected by (923125840817)&apos;
</system-out></testcase><testcase classname="tests.test_kannel_APIs.test_add_pair_confirmation" file="tests/test_kannel_APIs/test_add_pair_confirmation.py" line="205" name="test_add_confirm_functionality_confirmation_via_invalid_msisdn" time="0.021"><system-out>b&apos;Confirmation of additional pair request is not done by valid MSISDN&apos;
</system-out></testcase><testcase classname="tests.test_kannel_APIs.test_add_pair_confirmation" file="tests/test_kannel_APIs/test_add_pair_confirmation.py" line="222" name="test_add_confirm_functionality_wrong_primary_msisdn" time="0.015"><system-out>b&apos;Wrong Primary number mentioned in SMS&apos;
</system-out></testcase><testcase classname="tests.test_kannel_APIs.test_additional_pairs" file="tests/test_kannel_APIs/test_additional_pairs.py" line="57" name="test_add_pair_validations_wrong_sender_no" time="1.340"></testcase><testcase classname="tests.test_kannel_APIs.test_additional_pairs" file="tests/test_kannel_APIs/test_additional_pairs.py" line="67" name="test_add_pair_validations_valid_sender_no" time="0.006"></testcase><testcase classname="tests.test_kannel_APIs.test_additional_pairs" file="tests/test_kannel_APIs/test_additional_pairs.py" line="76" name="test_add_pair_validations_wrong_msisdn" time="0.009"></testcase><testcase classname="tests.test_kannel_APIs.test_additional_pairs" file="tests/test_kannel_APIs/test_additional_pairs.py" line="86" name="test_add_pair_validations_valid_msisdn" time="0.005"></testcase><testcase classname="tests.test_kannel_APIs.test_additional_pairs" file="tests/test_kannel_APIs/test_additional_pairs.py" line="95" name="test_add_pair_missing_parameters" time="0.007"></testcase><testcase classname="tests.test_kannel_APIs.test_additional_pairs" file="tests/test_kannel_APIs/test_additional_pairs.py" line="112" name="test_add_pair_error_400_bad_request" time="0.003"><system-out>b&apos;{&quot;Error&quot;: &quot;Bad Request&quot;}&apos;
</system-out></testcase><testcase classname="tests.test_kannel_APIs.test_additional_pairs" file="tests/test_kannel_APIs/test_additional_pairs.py" line="121" name="test_add_pair_error_404_wrong_api" time="0.002"><system-out>b&apos;{&quot;Error&quot;: &quot;Not Found&quot;}&apos;
</system-out></testcase><testcase classname="tests.test_kannel_APIs.test_additional_pairs" file="tests/test_kannel_APIs/test_additional_pairs.py" line="131" name="test_add_pair_error_405_method_not_allowed" time="0.005"></testcase><testcase classname="tests.test_kannel_APIs.test_additional_pairs" file="tests/test_kannel_APIs/test_additional_pairs.py" line="144" name="test_add_pair_happy_case" time="0.192"><system-out>b&apos;Secondary pair is added by (923459146387). Confirmation is awaited from (923117658111)&apos;
</system-out></testcase><testcase classname="tests.test_kannel_APIs.test_additional_pairs" file="tests/test_kannel_APIs/test_additional_pairs.py" line="157" name="test_add_pair_functionality_wrong_primary_msisdn" time="0.008"><system-out>b&apos;Request not made by Primary-Pair or number-to-be-added is Primary number&apos;
</system-out></testcase><testcase classname="tests.test_kannel_APIs.test_additional_pairs" file="tests/test_kannel_APIs/test_additional_pairs.py" line="166" name="test_add_pair_functionality_same_primary_and_secondary_msisdn" time="0.013"><system-out>b&apos;Request not made by Primary-Pair or number-to-be-added is Primary number&apos;
</system-out></testcase><testcase classname="tests.test_kannel_APIs.test_additional_pairs" file="tests/test_kannel_APIs/test_additional_pairs.py" line="179" name="test_add_pair_functionality_already_paired_msisdn" time="0.349"><system-out>b&apos;Secondary pair is added by (923469988554). Confirmation is awaited from (923086190554)&apos;
b&apos;MSISDN (923086190554)already paired with the device&apos;
</system-out></testcase><testcase classname="tests.test_kannel_APIs.test_additional_pairs" file="tests/test_kannel_APIs/test_additional_pairs.py" line="194" name="test_add_pair_functionality_pairing_limit" time="0.618"><system-out>b&apos;Secondary pair is added by (923337788991). Confirmation is awaited from (923017986111)&apos;
b&apos;Secondary pair is added by (923337788991). Confirmation is awaited from (923027986222)&apos;
b&apos;Secondary pair is added by (923337788991). Confirmation is awaited from (923037986333)&apos;
b&apos;Secondary pair is added by (923337788991). Confirmation is awaited from (923047986444)&apos;
b&apos;Pairing limit breached: need to remove any existing pair&apos;
</system-out></testcase><testcase classname="tests.test_kannel_APIs.test_additional_pairs" file="tests/test_kannel_APIs/test_additional_pairs.py" line="215" name="test_add_pair_functionality_single_secondary_msisdn_many_primary_pairs" time="0.256"><system-out>b&apos;Secondary pair is added by (923049298687). Confirmation is awaited from (923334445556)&apos;
b&apos;Secondary pair is added by (923468921445). Confirmation is awaited from (923334445556)&apos;
</system-out></testcase><testcase classname="tests.test_kannel_APIs.test_find_pairs" file="tests/test_kannel_APIs/test_find_pairs.py" line="57" name="test_find_pairs_validation_invalid_sender_no" time="1.342"><system-out>b&apos;&quot;Sender MSISDN format is not correct&quot;&apos; 924006171951
b&apos;&quot;Sender MSISDN format is not correct&quot;&apos; 9230028460937724
b&apos;&quot;Sender MSISDN format is not correct&quot;&apos; 92321417g9C21
b&apos;&quot;Sender MSISDN format is not correct&quot;&apos; 92345@769#564&amp;8
b&apos;&quot;Sender MSISDN format is not correct&quot;&apos; 923004
</system-out></testcase><testcase classname="tests.test_kannel_APIs.test_find_pairs" file="tests/test_kannel_APIs/test_find_pairs.py" line="68" name="test_find_pairs_validation_valid_sender_no" time="0.005"><system-out>b&apos;&quot;(923002131415) is not registered as Primary-Pair&quot;&apos;
</system-out></testcase><testcase classname="tests.test_kannel_APIs.test_find_pairs" file="tests/test_kannel_APIs/test_find_pairs.py" line="78" name="test_find_pairs_missing_parameter" time="0.002"><system-out>b&apos;Sender number is missing in SMS&apos;
</system-out></testcase><testcase classname="tests.test_kannel_APIs.test_find_pairs" file="tests/test_kannel_APIs/test_find_pairs.py" line="87" name="test_find_pairs_error_404_wrong_api" time="0.002"><system-out>b&apos;{&quot;Error&quot;: &quot;Not Found&quot;}&apos;
</system-out></testcase><testcase classname="tests.test_kannel_APIs.test_find_pairs" file="tests/test_kannel_APIs/test_find_pairs.py" line="97" name="test_find_pairs_error_405_method_not_allowed" time="0.006"></testcase><testcase classname="tests.test_kannel_APIs.test_find_pairs" file="tests/test_kannel_APIs/test_find_pairs.py" line="111" name="test_find_pairs_happy_case" time="0.027"><system-out>b&apos;[{&quot;MSISDN&quot;: &quot;923339701290&quot;, &quot;Status&quot;: &quot;Confirmed Pair&quot;}, {&quot;MSISDN&quot;: &quot;923115840917&quot;, &quot;Status&quot;: &quot;Un-confirmed Pair&quot;}]&apos;
</system-out></testcase><testcase classname="tests.test_kannel_APIs.test_find_pairs" file="tests/test_kannel_APIs/test_find_pairs.py" line="128" name="test_find_pairs_functionality_wrong_primary_no" time="0.015"><system-out>b&apos;&quot;(923008171615) is not registered as Primary-Pair&quot;&apos;
</system-out></testcase><testcase classname="tests.test_kannel_APIs.test_find_pairs" file="tests/test_kannel_APIs/test_find_pairs.py" line="142" name="test_find_pairs_functionality_primary_with_no_sec_pairs" time="0.013"><system-out>b&apos;&quot;No Pair is associated with (923158191645)&quot;&apos;
</system-out></testcase><testcase classname="tests.test_kannel_APIs.test_first_pair" file="tests/test_kannel_APIs/test_first_pair.py" line="57" name="test_first_pair_happy_case" time="1.424"><system-out>b&apos;&quot;PairCode (OvfT4pGf) is valid and your pair will be added in next 24 to 48 hours&quot;&apos;
</system-out></testcase><testcase classname="tests.test_kannel_APIs.test_first_pair" file="tests/test_kannel_APIs/test_first_pair.py" line="73" name="test_first_pair_validations_wrong_paircodes" time="0.006"></testcase><testcase classname="tests.test_kannel_APIs.test_first_pair" file="tests/test_kannel_APIs/test_first_pair.py" line="90" name="test_first_pair_validations_valid_paircode" time="0.008"><system-out>b&apos;&quot;Pair Code (pqZ5DCgE) is not Valid&quot;&apos;
</system-out></testcase><testcase classname="tests.test_kannel_APIs.test_first_pair" file="tests/test_kannel_APIs/test_first_pair.py" line="100" name="test_first_pair_validations_wrong_sender_no" time="0.008"></testcase><testcase classname="tests.test_kannel_APIs.test_first_pair" file="tests/test_kannel_APIs/test_first_pair.py" line="110" name="test_first_pair_validations_valid_sender_no" time="0.004"><system-out>b&apos;&quot;Pair Code (pqZ5DCgE) is not Valid&quot;&apos;
</system-out></testcase><testcase classname="tests.test_kannel_APIs.test_first_pair" file="tests/test_kannel_APIs/test_first_pair.py" line="120" name="test_first_pair_validations_operator_name" time="0.012"><system-out>b&apos;&quot;MNO\&apos;s name is not in correct format&quot;&apos;
b&apos;&quot;Pair Code (pqZ5DCgE) is not Valid&quot;&apos;
</system-out></testcase><testcase classname="tests.test_kannel_APIs.test_first_pair" file="tests/test_kannel_APIs/test_first_pair.py" line="135" name="test_first_pair_missing_parameters" time="0.004"></testcase><testcase classname="tests.test_kannel_APIs.test_first_pair" file="tests/test_kannel_APIs/test_first_pair.py" line="149" name="test_first_pair_error_400_bad_request" time="0.002"><system-out>b&apos;{&quot;Error&quot;: &quot;Bad Request&quot;}&apos;
</system-out></testcase><testcase classname="tests.test_kannel_APIs.test_first_pair" file="tests/test_kannel_APIs/test_first_pair.py" line="158" name="test_first_pair_error_404_wrong_api" time="0.003"><system-out>b&apos;{&quot;Error&quot;: &quot;Not Found&quot;}&apos;
</system-out></testcase><testcase classname="tests.test_kannel_APIs.test_first_pair" file="tests/test_kannel_APIs/test_first_pair.py" line="168" name="test_first_pair_error_405_method_not_allowed" time="0.007"></testcase><testcase classname="tests.test_kannel_APIs.test_first_pair" file="tests/test_kannel_APIs/test_first_pair.py" line="181" name="test_first_pair_functionality_msisdn_already_exist" time="0.034"><system-out>b&apos;&quot;PairCode (AxT3pGf9) is valid and your pair will be added in next 24 to 48 hours&quot;&apos;
b&apos;&quot;MSISDN already exists as Primary-Pair&quot;&apos;
</system-out></testcase><testcase classname="tests.test_kannel_APIs.test_first_pair" file="tests/test_kannel_APIs/test_first_pair.py" line="198" name="test_first_pair_functionality_invalid_paircode" time="0.037"><system-out>b&apos;&quot;PairCode (A1b2C3d4) is valid and your pair will be added in next 24 to 48 hours&quot;&apos;
b&apos;&quot;Pair Code (A1b2C3d4) is not Valid&quot;&apos;
b&apos;&quot;Pair Code (AaBbCcDd) is not Valid&quot;&apos;
</system-out></testcase><testcase classname="tests.test_kannel_APIs.test_generate_pair_code" file="tests/test_kannel_APIs/test_generate_pair_code.py" line="52" name="test_generate_paircode" time="1.337"><system-out>b&apos;{&quot;Pair-Code&quot;: &quot;oGeHaEmT&quot;}&apos;
</system-out></testcase><testcase classname="tests.test_kannel_APIs.test_generate_pair_code" file="tests/test_kannel_APIs/test_generate_pair_code.py" line="62" name="test_base" time="0.003"><system-out>b&apos;{&quot;messsage&quot;: &quot;DPS API version 1&quot;}&apos;
</system-out></testcase><testcase classname="tests.test_kannel_APIs.test_rel_all_pairs" file="tests/test_kannel_APIs/test_rel_all_pairs.py" line="58" name="test_rel_all_pairs_validation_wrong_sender_no" time="1.341"></testcase><testcase classname="tests.test_kannel_APIs.test_rel_all_pairs" file="tests/test_kannel_APIs/test_rel_all_pairs.py" line="68" name="test_rel_all_pairs_validations_valid_sender_no" time="0.004"></testcase><testcase classname="tests.test_kannel_APIs.test_rel_all_pairs" file="tests/test_kannel_APIs/test_rel_all_pairs.py" line="76" name="test_rel_all_pairs_missing_parameters" time="0.003"></testcase><testcase classname="tests.test_kannel_APIs.test_rel_all_pairs" file="tests/test_kannel_APIs/test_rel_all_pairs.py" line="87" name="test_rel_all_pairs_error_400_bad_request" time="0.003"><system-out>b&apos;{&quot;Error&quot;: &quot;Bad Request&quot;}&apos;
</system-out></testcase><testcase classname="tests.test_kannel_APIs.test_rel_all_pairs" file="tests/test_kannel_APIs/test_rel_all_pairs.py" line="96" name="test_rel_all_pairs_error_404_wrong_api" time="0.002"><system-out>b&apos;{&quot;Error&quot;: &quot;Not Found&quot;}&apos;
</system-out></testcase><testcase classname="tests.test_kannel_APIs.test_rel_all_pairs" file="tests/test_kannel_APIs/test_rel_all_pairs.py" line="106" name="test_rel_all_pairs_error_405_method_not_allowed" time="0.008"></testcase><testcase classname="tests.test_kannel_APIs.test_rel_all_pairs" file="tests/test_kannel_APIs/test_rel_all_pairs.py" line="119" name="test_rel_all_pairs_happy_case_without_sec_pairs" time="0.027"><system-out>b&apos;Release All-Pairs request is registered. New Pair Code is (oBOt9QVc)&apos;
</system-out></testcase><testcase classname="tests.test_kannel_APIs.test_rel_all_pairs" file="tests/test_kannel_APIs/test_rel_all_pairs.py" line="131" name="test_rel_all_pairs_happy_case_with_unconfirmed_sec_pair" time="0.025"><system-out>b&apos;Release All-Pairs request is registered. New Pair Code is (YpmS63wF)&apos;
</system-out></testcase><testcase classname="tests.test_kannel_APIs.test_rel_all_pairs" file="tests/test_kannel_APIs/test_rel_all_pairs.py" line="145" name="test_rel_all_pairs_happy_case_with_confirmed_sec_pair" time="0.028"><system-out>b&apos;Release All-Pairs request is registered. New Pair Code is (1bkJ2K3b)&apos;
</system-out></testcase><testcase classname="tests.test_kannel_APIs.test_rel_all_pairs" file="tests/test_kannel_APIs/test_rel_all_pairs.py" line="160" name="test_rel_all_pairs_happy_case_with_maximum_sec_pairs" time="0.041"><system-out>b&apos;Release All-Pairs request is registered. New Pair Code is (Zhjb1em3)&apos;
</system-out></testcase><testcase classname="tests.test_kannel_APIs.test_rel_all_pairs" file="tests/test_kannel_APIs/test_rel_all_pairs.py" line="178" name="test_rel_all_pairs_functionality_wrong_primary_msisdn" time="0.011"><system-out>b&apos;Release-All request not made by Primary-MSISDN&apos;
</system-out></testcase><testcase classname="tests.test_kannel_APIs.test_rel_all_pairs" file="tests/test_kannel_APIs/test_rel_all_pairs.py" line="192" name="test_rel_all_pairs_functionality_repetitive_requests" time="0.048"><system-out>b&apos;Release All-Pairs request is registered. New Pair Code is (EHzdH68U)&apos;
b&apos;Your new Pair-Code is (4eue5SaB). Release-All request is already registered and will be implemented within 24-48 hours&apos;
b&apos;Your new Pair-Code is (4eue5SaB). Release-All request is already registered and will be implemented within 24-48 hours&apos;
b&apos;Your new Pair-Code is (4eue5SaB). Release-All request is already registered and will be implemented within 24-48 hours&apos;
</system-out></testcase><testcase classname="tests.test_kannel_APIs.test_rel_all_pairs" file="tests/test_kannel_APIs/test_rel_all_pairs.py" line="214" name="test_rel_all_primary_without_secondary_deletion_before_export" time="0.024"><system-out>b&apos;Release All-Pairs request is registered. New Pair Code is (YV6dnZQS)&apos;
change_type = None  export_status = None
</system-out></testcase><testcase classname="tests.test_kannel_APIs.test_rel_all_pairs" file="tests/test_kannel_APIs/test_rel_all_pairs.py" line="235" name="test_rel_all_primary_without_secondary_deletion_after_export" time="0.021"><system-out>b&apos;Release All-Pairs request is registered. New Pair Code is (YPtlsj0z)&apos;
change_type = remove  export_status = False
</system-out></testcase><testcase classname="tests.test_kannel_APIs.test_rel_all_pairs" file="tests/test_kannel_APIs/test_rel_all_pairs.py" line="255" name="test_rel_all_primary_without_secondary_pair_exported_sim_changed_deleted_before_new_imsi" time="0.025"><system-out>b&apos;Release All-Pairs request is registered. New Pair Code is (3YBI43Pr)&apos;
IMSI = 410076561643648
OLD_IMSI = None
change_type = remove
export_status = False
</system-out></testcase><testcase classname="tests.test_kannel_APIs.test_rel_all_pairs" file="tests/test_kannel_APIs/test_rel_all_pairs.py" line="278" name="test_rel_all_primary_with_secondary_deletion_before_export" time="0.073"><system-out>b&apos;Release All-Pairs request is registered. New Pair Code is (f9DnU9wI)&apos;
-----Primary-Pair-----
end_date = 2019-06-21  change_type = None  export_status = None
-----Secondary-Pair-----
end_date = 2019-06-21  change_type = None  export_status = None
</system-out></testcase><testcase classname="tests.test_kannel_APIs.test_rel_all_pairs" file="tests/test_kannel_APIs/test_rel_all_pairs.py" line="307" name="test_rel_all_primary_with_secondary_deletion_after_export" time="0.035"><system-out>b&apos;Release All-Pairs request is registered. New Pair Code is (KC1Dws7z)&apos;
-----Primary-Pair-----
end_date = 2019-06-21  change_type = remove  export_status = False
-----Secondary-Pair-----
end_date = 2019-06-21  change_type = remove  export_status = False
</system-out></testcase><testcase classname="tests.test_kannel_APIs.test_rel_all_pairs" file="tests/test_kannel_APIs/test_rel_all_pairs.py" line="338" name="test_rel_all_primary_with_secondary_pair_exported_sim_changed_deleted_before_new_imsi" time="0.028"><system-out>b&apos;Release All-Pairs request is registered. New Pair Code is (tXvnyHAp)&apos;
-----Primary-Pair-----
IMSI = 410076561667678
OLD_IMSI = None
change_type = remove
export_status = False
-----Secondary-Pair-----
IMSI = 410074866996431
OLD_IMSI = None
change_type = remove
export_status = False
</system-out></testcase><testcase classname="tests.test_kannel_APIs.test_rel_single" file="tests/test_kannel_APIs/test_rel_single.py" line="59" name="test_rel_single_pair_validations_wrong_sender_no" time="1.364"></testcase><testcase classname="tests.test_kannel_APIs.test_rel_single" file="tests/test_kannel_APIs/test_rel_single.py" line="72" name="test_rel_single_pair_validations_valid_sender_no" time="0.005"></testcase><testcase classname="tests.test_kannel_APIs.test_rel_single" file="tests/test_kannel_APIs/test_rel_single.py" line="82" name="test_rel_single_pair_missing_parameters" time="0.006"></testcase><testcase classname="tests.test_kannel_APIs.test_rel_single" file="tests/test_kannel_APIs/test_rel_single.py" line="103" name="test_rel_single_pair_error_400_wrong_api" time="0.002"><system-out>b&apos;{&quot;Error&quot;: &quot;Bad Request&quot;}&apos;
</system-out></testcase><testcase classname="tests.test_kannel_APIs.test_rel_single" file="tests/test_kannel_APIs/test_rel_single.py" line="112" name="test_rel_single_pair_error_404_wrong_api" time="0.002"><system-out>b&apos;{&quot;Error&quot;: &quot;Not Found&quot;}&apos;
</system-out></testcase><testcase classname="tests.test_kannel_APIs.test_rel_single" file="tests/test_kannel_APIs/test_rel_single.py" line="122" name="test_rel_single_pair_error_405_method_not_allowed" time="0.005"></testcase><testcase classname="tests.test_kannel_APIs.test_rel_single" file="tests/test_kannel_APIs/test_rel_single.py" line="135" name="test_rel_single_pair_happy_case_unconfirmed_pair" time="0.027"><system-out>b&apos;Deletion request is successfully registered. Pair will be removed in next 24 to 48 hours&apos;
</system-out></testcase><testcase classname="tests.test_kannel_APIs.test_rel_single" file="tests/test_kannel_APIs/test_rel_single.py" line="149" name="test_rel_single_pair_happy_case_confirmed_pair" time="0.026"><system-out>b&apos;Deletion request is successfully registered. Pair will be removed in next 24 to 48 hours&apos;
</system-out></testcase><testcase classname="tests.test_kannel_APIs.test_rel_single" file="tests/test_kannel_APIs/test_rel_single.py" line="164" name="test_rel_single_pair_functionality_wrong_primary_msisdn" time="0.019"><system-out>b&apos;Request is not made by Primary-MSISDN or number-to-be-deleted belongs to primary pair&apos;
</system-out></testcase><testcase classname="tests.test_kannel_APIs.test_rel_single" file="tests/test_kannel_APIs/test_rel_single.py" line="178" name="test_rel_single_pair_functionality_wrong_secondary_msisdn" time="0.018"><system-out>b&apos;MSISDN (923137848888) is not Paired with the device&apos;
</system-out></testcase><testcase classname="tests.test_kannel_APIs.test_rel_single" file="tests/test_kannel_APIs/test_rel_single.py" line="192" name="test_rel_single_pair_functionality_delete_primary_msisdn" time="0.013"><system-out>b&apos;Request is not made by Primary-MSISDN or number-to-be-deleted belongs to primary pair&apos;
</system-out></testcase><testcase classname="tests.test_kannel_APIs.test_rel_single" file="tests/test_kannel_APIs/test_rel_single.py" line="207" name="test_rel_single_pair_deletion_before_export_to_PairList" time="0.020"><system-out>b&apos;Deletion request is successfully registered. Pair will be removed in next 24 to 48 hours&apos;

-----Deleted Secondary-Pair-----
msisdn = 923018144773
end_date = 2019-06-21
change_type = None
export_status = None
</system-out></testcase><testcase classname="tests.test_kannel_APIs.test_rel_single" file="tests/test_kannel_APIs/test_rel_single.py" line="231" name="test_rel_single_pair_deletion_after_export_to_PairList" time="0.017"><system-out>b&apos;Deletion request is successfully registered. Pair will be removed in next 24 to 48 hours&apos;

-----Deleted Secondary-Pair-----
msisdn = 923479091924
end_date = 2019-06-21
change_type = remove
export_status = False
</system-out></testcase><testcase classname="tests.test_kannel_APIs.test_rel_single" file="tests/test_kannel_APIs/test_rel_single.py" line="256" name="test_rel_single_pair_exported_sim_changed_deleted_before_new_imsi" time="0.021"><system-out>b&apos;Deletion request is successfully registered. Pair will be removed in next 24 to 48 hours&apos;

-----Deleted Secondary-Pair-----
msisdn = 923337457869
end_date = 2019-06-21
change_type = remove
export_status = False
</system-out></testcase><testcase classname="tests.test_kannel_APIs.test_sim_change" file="tests/test_kannel_APIs/test_sim_change.py" line="57" name="test_sim_change_validation_wrong_sender_no" time="1.265"></testcase><testcase classname="tests.test_kannel_APIs.test_sim_change" file="tests/test_kannel_APIs/test_sim_change.py" line="67" name="test_sim_change_validation_valid_sender_no" time="0.005"></testcase><testcase classname="tests.test_kannel_APIs.test_sim_change" file="tests/test_kannel_APIs/test_sim_change.py" line="76" name="test_sim_change_validation_operator_name" time="0.012"></testcase><testcase classname="tests.test_kannel_APIs.test_sim_change" file="tests/test_kannel_APIs/test_sim_change.py" line="93" name="test_sim_change_missing_parameters" time="0.011"></testcase><testcase classname="tests.test_kannel_APIs.test_sim_change" file="tests/test_kannel_APIs/test_sim_change.py" line="110" name="test_sim_change_error_400_bad_request" time="0.002"><system-out>b&apos;{&quot;Error&quot;: &quot;Bad Request&quot;}&apos;
</system-out></testcase><testcase classname="tests.test_kannel_APIs.test_sim_change" file="tests/test_kannel_APIs/test_sim_change.py" line="119" name="test_sim_change_error_404_wrong_api" time="0.003"><system-out>b&apos;{&quot;Error&quot;: &quot;Not Found&quot;}&apos;
</system-out></testcase><testcase classname="tests.test_kannel_APIs.test_sim_change" file="tests/test_kannel_APIs/test_sim_change.py" line="129" name="test_sim_change_error_405_method_not_allowed" time="0.005"></testcase><testcase classname="tests.test_kannel_APIs.test_sim_change" file="tests/test_kannel_APIs/test_sim_change.py" line="142" name="test_sim_change_happy_case" time="0.025"><system-out>b&apos;SIM Change request has been registered. The Pair will be active in 24 to 48 hours&apos;
</system-out></testcase><testcase classname="tests.test_kannel_APIs.test_sim_change" file="tests/test_kannel_APIs/test_sim_change.py" line="155" name="test_sim_change_functionality_before_export_to_PairList" time="0.019"><system-out>b&apos;SIM Change request has been registered. The Pair will be active in 24 to 48 hours&apos;

-----Pair Status-----
Old IMSI = None
New IMSI = None
change_type = None
export_status = None
</system-out></testcase><testcase classname="tests.test_kannel_APIs.test_sim_change" file="tests/test_kannel_APIs/test_sim_change.py" line="179" name="test_sim_change_functionality_after_export_to_PairList" time="0.015"><system-out>b&apos;SIM Change request has been registered. The Pair will be active in 24 to 48 hours&apos;

-----Pair Status-----
Old IMSI = 410049007345128
New IMSI = None
change_type = None
export_status = None
</system-out></testcase><testcase classname="tests.test_kannel_APIs.test_sim_change" file="tests/test_kannel_APIs/test_sim_change.py" line="205" name="test_sim_change_functionality_wrong_sender_no" time="0.016"><system-out>b&apos;MSISDN (923113306922) is not existed in any pair or SIM-Change request is already in process&apos;
</system-out></testcase><testcase classname="tests.test_kannel_APIs.test_sim_change" file="tests/test_kannel_APIs/test_sim_change.py" line="218" name="test_sim_change_functionality_request_from_unconfirmed_sec_pair" time="0.015"><system-out>b&apos;MSISDN (923125840917) is not existed in any pair or SIM-Change request is already in process&apos;
</system-out></testcase><testcase classname="tests.test_kannel_APIs.test_sim_change" file="tests/test_kannel_APIs/test_sim_change.py" line="232" name="test_sim_change_functionality_request_from_confirmed_sec_pair" time="0.018"><system-out>b&apos;SIM Change request has been registered. The Pair will be active in 24 to 48 hours&apos;
</system-out></testcase><testcase classname="tests.test_kannel_APIs.test_verify_paircode" file="tests/test_kannel_APIs/test_verify_paircode.py" line="57" name="test_vfy_paircode_validation_invalid_paircodes" time="1.438"><system-out>b&apos;Pair-Code format is not correct&apos; pqZTDCgE4
b&apos;Pair-Code format is not correct&apos; KliX6
b&apos;Pair-Code format is not correct&apos; pqZ*C3gE
</system-out></testcase><testcase classname="tests.test_kannel_APIs.test_verify_paircode" file="tests/test_kannel_APIs/test_verify_paircode.py" line="68" name="test_vfy_paircode_validation_invalid_imeis" time="0.007"><system-out>b&apos;IMEI format is not correct&apos; 12345
b&apos;IMEI format is not correct&apos; 123456789098765433
b&apos;IMEI format is not correct&apos; 123456acg789098
b&apos;IMEI format is not correct&apos; 111111@#*111111
</system-out></testcase><testcase classname="tests.test_kannel_APIs.test_verify_paircode" file="tests/test_kannel_APIs/test_verify_paircode.py" line="79" name="test_vfy_paircode_validation_valid_paircode_and_imei" time="0.005"><system-out>b&apos;Pair-Code (pqZ4DCgE) is not valid or not associated with provided IMEI&apos;
</system-out></testcase><testcase classname="tests.test_kannel_APIs.test_verify_paircode" file="tests/test_kannel_APIs/test_verify_paircode.py" line="89" name="test_vfy_paircode_missing_parameters" time="0.003"><system-out>b&apos;Pair-Code is missing in SMS&apos; b&apos;IMEI is missing in SMS&apos;
</system-out></testcase><testcase classname="tests.test_kannel_APIs.test_verify_paircode" file="tests/test_kannel_APIs/test_verify_paircode.py" line="101" name="test_vfy_paircode_error_404_wrong_api" time="0.002"><system-out>b&apos;{&quot;Error&quot;: &quot;Not Found&quot;}&apos;
</system-out></testcase><testcase classname="tests.test_kannel_APIs.test_verify_paircode" file="tests/test_kannel_APIs/test_verify_paircode.py" line="111" name="test_vfy_paircode_error_405_method_not_allowed" time="0.006"></testcase><testcase classname="tests.test_kannel_APIs.test_verify_paircode" file="tests/test_kannel_APIs/test_verify_paircode.py" line="125" name="test_vfy_paircode_happy_case" time="0.017"><system-out>b&apos;Pair-Code (PuPnag6D) is active &amp; associated with provided IMEI&apos;
</system-out></testcase><testcase classname="tests.test_kannel_APIs.test_verify_paircode" file="tests/test_kannel_APIs/test_verify_paircode.py" line="138" name="test_vfy_paircode_functionality_wrong_paircode" time="0.011"><system-out>b&apos;Pair-Code (A1B2C3D4) is not valid or not associated with provided IMEI&apos;
</system-out></testcase><testcase classname="tests.test_kannel_APIs.test_verify_paircode" file="tests/test_kannel_APIs/test_verify_paircode.py" line="151" name="test_vfy_paircode_functionality_wrong_imei" time="2.700"><system-out>b&apos;Pair-Code (L8vP3haD) is not valid or not associated with provided IMEI&apos;
</system-out></testcase></testsuite>