<?xml version="1.0" encoding="utf-8"?><testsuite errors="0" failures="0" name="pytest" skipped="0" tests="5" time="4.094"><testcase classname="tests.test_FrontEnd_APIs.test_mno_error_file" file="tests/test_FrontEnd_APIs/test_mno_error_file.py" line="34" name="test_mno_error_file_happy_case" time="1.326"></testcase><testcase classname="tests.test_FrontEnd_APIs.test_mno_error_file" file="tests/test_FrontEnd_APIs/test_mno_error_file.py" line="44" name="test_mno_error_file_not_found" time="0.002"></testcase><testcase classname="tests.test_FrontEnd_APIs.test_mno_error_file" file="tests/test_FrontEnd_APIs/test_mno_error_file.py" line="61" name="test_mno_error_file_missing_url" time="0.002"></testcase><testcase classname="tests.test_FrontEnd_APIs.test_mno_error_file" file="tests/test_FrontEnd_APIs/test_mno_error_file.py" line="77" name="test_mno_error_file_error_404_wrong_api" time="0.002"></testcase><testcase classname="tests.test_FrontEnd_APIs.test_mno_error_file" file="tests/test_FrontEnd_APIs/test_mno_error_file.py" line="88" name="test_mno_error_file__error_405_method_not_allowed" time="0.158"></testcase></testsuite>